<?xml version="1.0" encoding="UTF-8"?>
<testsuite xmlns:xsi="http://www.w3.org/2001/XMLSchema-instance" xsi:noNamespaceSchemaLocation="https://maven.apache.org/surefire/maven-surefire-plugin/xsd/surefire-test-report-3.0.xsd" version="3.0" name="com.harvey.demo.day16.FractionTest" time="0.055" tests="8" errors="0" skipped="0" failures="0">
  <properties>
[...]
</properties>
  <testcase name="setNumerator" classname="com.harvey.demo.day16.FractionTest" time="0.024"/>
  <testcase name="parameterizedConstructor" classname="com.harvey.demo.day16.FractionTest" time="0.008"/>
  <testcase name="defaultConstructor" classname="com.harvey.demo.day16.FractionTest" time="0.001"/>
  <testcase name="setDenominator" classname="com.harvey.demo.day16.FractionTest" time="0.001"/>
  <testcase name="greatestCommonFactor" classname="com.harvey.demo.day16.FractionTest" time="0.001"/>
  <testcase name="testDoubles" classname="com.harvey.demo.day16.FractionTest" time="0.0"/>
  <testcase name="getDenominator" classname="com.harvey.demo.day16.FractionTest" time="0.0"/>
  <testcase name="getNumerator" classname="com.harvey.demo.day16.FractionTest" time="0.001"/>
</testsuite>